time="2024-04-06T13:19:18+11:00" level=info msg="This is an info message"
time="2024-04-06T13:19:18+11:00" level=warning msg="This is a warning message"
time="2024-04-06T13:26:56+11:00" level=info msg="Starting the application..."
time="2024-04-06T13:28:22+11:00" level=info msg="Starting the application..."
time="2024-04-06T13:33:26+11:00" level=info msg="Starting the application..."
time="2024-04-06T13:36:56+11:00" level=info msg="Starting the application..."
time="2024-04-06T13:48:21+11:00" level=info msg="Starting the application..."
time="2024-04-06T13:49:05+11:00" level=info msg="Starting the application..."
time="2024-04-06T13:50:27+11:00" level=info msg="Starting the application..."
time="2024-04-06T13:50:35+11:00" level=info msg="gRPC server listening on 50051"
time="2024-04-06T13:51:02+11:00" level=info msg="Starting the application..."
time="2024-04-06T13:51:09+11:00" level=info msg="gRPC server listening on 50051"
time="2024-04-06T14:23:39+11:00" level=info msg="Starting the application..."
time="2024-04-06T14:23:46+11:00" level=info msg="gRPC server listening on 50051"
time="2024-04-06T14:24:58+11:00" level=info msg="Starting the application..."
time="2024-04-06T14:25:05+11:00" level=info msg="gRPC server listening on 50051"
time="2024-04-06T18:05:50+11:00" level=info msg="Starting the application..."
time="2024-04-06T18:05:54+11:00" level=info msg="gRPC server listening on 50051"
time="2024-04-06T18:20:45+11:00" level=info msg="Starting the application..."
time="2024-04-06T20:10:43+11:00" level=info msg="Starting the application..."
time="2024-04-06T20:11:58+11:00" level=info msg="Starting the application..."
time="2024-04-06T20:17:28+11:00" level=info msg="Starting the application..."
time="2024-04-06T20:43:00+11:00" level=info msg="Starting the application..."
time="2024-04-06T21:04:46+11:00" level=info msg="Starting the application..."
time="2024-04-06T21:24:36+11:00" level=info msg="Starting the application..."
time="2024-04-06T21:30:51+11:00" level=info msg="Starting the application..."
time="2024-04-06T21:32:37+11:00" level=info msg="Starting the application..."
time="2024-04-06T21:36:04+11:00" level=info msg="Starting the application..."
time="2024-04-06T21:37:01+11:00" level=info msg="Starting the application..."
time="2024-04-06T21:40:01+11:00" level=info msg="Starting the application..."
time="2024-04-06T21:41:06+11:00" level=info msg="Starting the application..."
time="2024-04-06T21:50:28+11:00" level=info msg="Starting the application..."
time="2024-04-06T22:03:50+11:00" level=info msg="Starting the application..."
time="2024-04-06T22:05:01+11:00" level=info msg="Starting the application..."
time="2024-04-06T22:10:00+11:00" level=info msg="Starting the application..."
time="2024-04-06T22:11:01+11:00" level=info msg="Starting the application..."
time="2024-04-06T22:12:19+11:00" level=info msg="Starting the application..."
time="2024-04-06T22:13:08+11:00" level=info msg="Starting the application..."
time="2024-04-07T18:20:18+10:00" level=info msg="Starting the application..."
time="2024-04-07T18:21:27+10:00" level=info msg="Starting the application..."
time="2024-04-07T18:21:40+10:00" level=info msg="Starting the application..."
time="2024-04-07T18:21:42+10:00" level=info msg="Starting the application..."
time="2024-04-07T18:28:26+10:00" level=info msg="Starting the application..."
time="2024-04-07T18:30:59+10:00" level=info msg="Starting the application..."
time="2024-04-07T19:19:58+10:00" level=info msg="Starting the application..."
time="2024-04-07T19:23:09+10:00" level=info msg="Starting the application..."
time="2024-04-07T19:52:13+10:00" level=info msg="Starting the application..."
time="2024-04-07T23:01:00+10:00" level=info msg="Starting the application..."
time="2024-04-07T23:01:44+10:00" level=info msg="Starting the application..."
time="2024-04-07T23:02:24+10:00" level=info msg="Starting the application..."
time="2024-04-07T23:03:04+10:00" level=info msg="Starting the application..."
time="2024-04-07T23:05:01+10:00" level=info msg="Starting the application..."
time="2024-04-07T23:36:30+10:00" level=info msg="Starting the application..."
time="2024-04-07T23:38:40+10:00" level=info msg="Starting the application..."
time="2024-04-07T23:43:47+10:00" level=info msg="Starting the application..."
time="2024-04-07T23:45:17+10:00" level=info msg="Starting the application..."
time="2024-04-08T00:33:16+10:00" level=info msg="Starting the application..."
time="2024-04-08T00:38:42+10:00" level=info msg="Starting the application..."
time="2024-04-08T00:41:17+10:00" level=info msg="Starting the application..."
time="2024-04-08T00:44:32+10:00" level=info msg="Starting the application..."
time="2024-04-08T00:45:25+10:00" level=info msg="Starting the application..."
time="2024-04-08T00:48:08+10:00" level=info msg="Starting the application..."
time="2024-04-08T00:51:08+10:00" level=info msg="Starting the application..."
time="2024-04-08T00:52:33+10:00" level=info msg="Starting the application..."
time="2024-04-08T00:53:44+10:00" level=info msg="Starting the application..."
time="2024-04-08T01:08:48+10:00" level=info msg="Starting the application..."
time="2024-04-08T01:17:58+10:00" level=info msg="Starting the application..."
time="2024-04-08T01:25:49+10:00" level=info msg="Starting the application..."
time="2024-04-08T21:14:49+10:00" level=info msg="Starting the application..."
time="2024-04-08T15:34:35+10:00" level=info msg="Starting the application..."
time="2024-04-09T16:22:34+10:00" level=info msg="Starting the application..."
time="2024-04-09T16:35:41+10:00" level=info msg="Starting the application..."
time="2024-04-09T16:37:00+10:00" level=info msg="Starting the application..."
time="2024-04-09T17:02:59+10:00" level=info msg="Starting the application..."
time="2024-04-09T17:03:03+10:00" level=fatal msg="failed to run HTTP server: listen tcp :8080: bind: Only one usage of each socket address (protocol/network address/port) is normally permitted."
time="2024-04-09T17:05:13+10:00" level=info msg="Starting the application..."
time="2024-04-09T17:05:15+10:00" level=fatal msg="failed to run HTTP server: listen tcp :8080: bind: Only one usage of each socket address (protocol/network address/port) is normally permitted."
time="2024-04-09T17:06:12+10:00" level=info msg="Starting the application..."
time="2024-04-09T17:06:15+10:00" level=fatal msg="failed to run HTTP server: listen tcp :8080: bind: Only one usage of each socket address (protocol/network address/port) is normally permitted."
time="2024-04-09T17:06:20+10:00" level=info msg="Starting the application..."
time="2024-04-09T17:06:23+10:00" level=fatal msg="failed to run HTTP server: listen tcp :8080: bind: Only one usage of each socket address (protocol/network address/port) is normally permitted."
time="2024-04-09T17:08:05+10:00" level=info msg="Starting the application..."
time="2024-04-09T17:11:44+10:00" level=info msg="Starting the application..."
time="2024-04-09T17:15:34+10:00" level=info msg="Starting the application..."
time="2024-04-09T20:30:11+10:00" level=info msg="Starting the application..."
time="2024-04-09T20:31:15+10:00" level=info msg="Starting the application..."
time="2024-04-09T22:47:11+10:00" level=info msg="Starting the application..."
time="2024-04-09T23:17:53+10:00" level=info msg="Starting the application..."
time="2024-04-09T23:26:22+10:00" level=info msg="Starting the application..."
time="2024-04-09T23:28:14+10:00" level=info msg="Starting the application..."
time="2024-04-09T23:28:47+10:00" level=info msg="Starting the application..."
time="2024-04-10T16:22:36+10:00" level=info msg="Starting the application..."
time="2024-04-10T16:26:32+10:00" level=info msg="Starting the application..."
time="2024-04-10T16:32:53+10:00" level=info msg="Starting the application..."
time="2024-04-10T16:37:25+10:00" level=info msg="Starting the application..."
time="2024-04-10T16:42:40+10:00" level=info msg="Starting the application..."
time="2024-04-10T21:00:51+10:00" level=info msg="Starting the application..."
time="2024-04-11T15:33:55+10:00" level=info msg="Starting the application..."
time="2024-04-11T15:39:43+10:00" level=info msg="Starting the application..."
time="2024-04-11T15:44:57+10:00" level=info msg="Starting the application..."
time="2024-04-11T15:45:11+10:00" level=info msg="Starting the application..."
time="2024-04-11T16:09:45+10:00" level=info msg="Starting the application..."
time="2024-04-11T16:10:58+10:00" level=info msg="Starting the application..."
time="2024-04-11T16:15:00+10:00" level=info msg="Starting the application..."
time="2024-04-11T16:20:07+10:00" level=info msg="Starting the application..."
time="2024-04-11T16:21:07+10:00" level=info msg="Starting the application..."
time="2024-04-11T16:22:18+10:00" level=info msg="Starting the application..."
time="2024-04-11T16:23:20+10:00" level=info msg="Starting the application..."
time="2024-04-11T16:26:08+10:00" level=info msg="Starting the application..."
time="2024-04-11T16:26:08+10:00" level=info msg="Starting the application..."
time="2024-04-11T16:31:11+10:00" level=info msg="Starting the application..."
time="2024-04-11T16:32:57+10:00" level=info msg="Starting the application..."
time="2024-04-11T16:47:31+10:00" level=info msg="Starting the application..."
time="2024-04-11T17:23:44+10:00" level=info msg="Starting the application..."
time="2024-04-11T17:27:36+10:00" level=info msg="Starting the application..."
time="2024-04-11T18:24:31+10:00" level=info msg="Starting the application..."
time="2024-04-11T18:27:22+10:00" level=info msg="Starting the application..."
time="2024-04-11T20:21:54+10:00" level=info msg="Starting the application..."
time="2024-04-11T20:25:58+10:00" level=info msg="Starting the application..."
time="2024-04-11T20:28:10+10:00" level=info msg="Starting the application..."
time="2024-04-11T20:31:12+10:00" level=info msg="Starting the application..."
time="2024-04-11T23:05:04+10:00" level=info msg="Starting the application..."
time="2024-04-11T23:14:18+10:00" level=info msg="Starting the application..."
time="2024-04-11T23:17:05+10:00" level=info msg="Starting the application..."
time="2024-04-11T23:25:38+10:00" level=info msg="Starting the application..."
